#
# A fatal error has been detected by the Java Runtime Environment:
#
#  SIGSEGV (0xb) at pc=0x0000000107f1879a, pid=35041, tid=0x000000000000a603
#
# JRE version: Java(TM) SE Runtime Environment (8.0_131-b11) (build 1.8.0_131-b11)
# Java VM: Java HotSpot(TM) 64-Bit Server VM (25.131-b11 mixed mode bsd-amd64 compressed oops)
# Problematic frame:
# j  organizer.User.<init>(Lorg/springsource/loaded/C;)V+1
#
# Failed to write core dump. Core dumps have been disabled. To enable core dumping, try "ulimit -c unlimited" before starting Java again
#
# If you would like to submit a bug report, please visit:
#   http://bugreport.java.com/bugreport/crash.jsp
#

---------------  T H R E A D  ---------------

Current thread (0x00007f821b1fb000):  JavaThread "http-nio-8080-exec-1" daemon [_thread_in_Java, id=42499, stack(0x000070000cef1000,0x000070000cff1000)]

siginfo: si_signo: 11 (SIGSEGV), si_code: 1 (SEGV_MAPERR), si_addr: 0x0000000100001fa0

Registers:
RAX=0x0000000100001fa0, RBX=0x0000000106b64480, RCX=0x0000000100001fa0, RDX=0x0000000107efd2bd
RSP=0x000070000cfec448, RBP=0x000070000cfec498, RSI=0x0000000000000007, RDI=0x00007f821b1fb000
R8 =0x00007f821b1fb000, R9 =0x00007f821b1fb000, R10=0x00000001044f3870, R11=0x0000000000000017
R12=0x0000000000000000, R13=0x000000011a86c251, R14=0x000070000cfec4b0, R15=0x00007f821b1fb000
RIP=0x0000000107f1879a, EFLAGS=0x0000000000010a06, ERR=0x0000000000000004
  TRAPNO=0x000000000000000e

Top of Stack: (sp=0x000070000cfec448)
0x000070000cfec448:   0000000107efd2bd 0000000100001fa0
0x000070000cfec458:   000070000cfec458 000000011a86c251
0x000070000cfec468:   000070000cfec4b0 000000011b5256e0
0x000070000cfec478:   0000000000000000 000000011a86c258
0x000070000cfec488:   0000000000000000 000070000cfec4a8
0x000070000cfec498:   000070000cfec510 0000000107ef57a7
0x000070000cfec4a8:   00000007ba7e3a38 0000000100001fa0
0x000070000cfec4b8:   000000000000000c 00007f821b1fb000
0x000070000cfec4c8:   0000000000000001 0000000107ef571f
0x000070000cfec4d8:   000000011a86c258 000070000cfec5a8
0x000070000cfec4e8:   000070000cfec900 000000010000000c
0x000070000cfec4f8:   000000011a86c258 0000000107f07c80
0x000070000cfec508:   000070000cfec910 000070000cfec6c0
0x000070000cfec518:   0000000103eee5b6 0000700000000001
0x000070000cfec528:   00007f821b1fb000 00007f8219e21640
0x000070000cfec538:   000070000cfec900 00007f821a984cb0
0x000070000cfec548:   0000000107f07c80 0100000109291b40
0x000070000cfec558:   000070000cfec908 000070000cfec8f8
0x000070000cfec568:   00007f821b1fb000 00007f821b1fb000
0x000070000cfec578:   00007f821a984c50 00007f821a984c90
0x000070000cfec588:   00007f821a984cc8 00007f821a984d78
0x000070000cfec598:   00000000000000d8 000070000cff0a30
0x000070000cfec5a8:   00007f821b1fb000 00007f8219fe27a0
0x000070000cfec5b8:   000000011a86c258 00000007ba7e3a38
0x000070000cfec5c8:   000070000cfecb80 000000010848ecb7
0x000070000cfec5d8:   0000000000000000 000070000cfec8f8
0x000070000cfec5e8:   0000000000000016 0000000000014b01
0x000070000cfec5f8:   000000011a86c258 00007f821b1fb000
0x000070000cfec608:   00007fff6be0f6f1 000000010822a010
0x000070000cfec618:   00007fff6be12d2d 00007f821a985468
0x000070000cfec628:   000000011a86c258 00007f821b1fb000
0x000070000cfec638:   0000000000000000 0003e4001b1fb000 

Instructions: (pc=0x0000000107f1879a)
0x0000000107f1877a:   28 8b ca 81 e1 ff 00 00 00 48 8b 4c cc f8 c1 ea
0x0000000107f1878a:   1c 49 ba 70 38 4f 04 01 00 00 00 49 8b 14 d2 52
0x0000000107f1879a:   48 3b 01 48 8b 45 e0 48 85 c0 0f 84 12 00 00 00
0x0000000107f187aa:   48 83 40 08 01 48 83 58 08 00 48 83 c0 10 48 89 

Register to memory mapping:

RAX=0x0000000100001fa0 is an unknown value
RBX={method} {0x0000000106b64480} '<init>' '()V' in 'java/lang/Object'
RCX=0x0000000100001fa0 is an unknown value
RDX=0x0000000107efd2bd is at code_begin+2301 in an Interpreter codelet
invoke return entry points  [0x0000000107efc9c0, 0x0000000107efd3a0]  2528 bytes
RSP=0x000070000cfec448 is pointing into the stack for thread: 0x00007f821b1fb000
RBP=0x000070000cfec498 is pointing into the stack for thread: 0x00007f821b1fb000
RSI=0x0000000000000007 is an unknown value
RDI=0x00007f821b1fb000 is a thread
R8 =0x00007f821b1fb000 is a thread
R9 =0x00007f821b1fb000 is a thread
R10=0x00000001044f3870: _ZN19TemplateInterpreter20_invoke_return_entryE+0 in /Library/Java/JavaVirtualMachines/jdk1.8.0_131.jdk/Contents/Home/jre/lib/server/libjvm.dylib at 0x0000000103c00000
R11=0x0000000000000017 is an unknown value
R12=0x0000000000000000 is an unknown value
R13=0x000000011a86c251 is pointing into metadata
R14=0x000070000cfec4b0 is pointing into the stack for thread: 0x00007f821b1fb000
R15=0x00007f821b1fb000 is a thread


Stack: [0x000070000cef1000,0x000070000cff1000],  sp=0x000070000cfec448,  free space=1005k
Native frames: (J=compiled Java code, j=interpreted, Vv=VM code, C=native code)
j  organizer.User.<init>(Lorg/springsource/loaded/C;)V+1
v  ~StubRoutines::call_stub
V  [libjvm.dylib+0x2ee5b6]  JavaCalls::call_helper(JavaValue*, methodHandle*, JavaCallArguments*, Thread*)+0x6ae
V  [libjvm.dylib+0x4d3488]  Reflection::invoke(instanceKlassHandle, methodHandle, Handle, bool, objArrayHandle, BasicType, objArrayHandle, bool, Thread*)+0xe12
V  [libjvm.dylib+0x4d39bc]  Reflection::invoke_method(oopDesc*, Handle, objArrayHandle, Thread*)+0x16c
V  [libjvm.dylib+0x3469b8]  JVM_InvokeMethod+0x166
J 2037  sun.reflect.NativeMethodAccessorImpl.invoke0(Ljava/lang/reflect/Method;Ljava/lang/Object;[Ljava/lang/Object;)Ljava/lang/Object; (0 bytes) @ 0x000000010848ed2d [0x000000010848ec40+0xed]
J 2036 C1 sun.reflect.NativeMethodAccessorImpl.invoke(Ljava/lang/Object;[Ljava/lang/Object;)Ljava/lang/Object; (104 bytes) @ 0x000000010848f40c [0x000000010848f060+0x3ac]
J 784 C1 sun.reflect.DelegatingMethodAccessorImpl.invoke(Ljava/lang/Object;[Ljava/lang/Object;)Ljava/lang/Object; (10 bytes) @ 0x000000010828d3c4 [0x000000010828d380+0x44]
J 783 C1 java.lang.reflect.Method.invoke(Ljava/lang/Object;[Ljava/lang/Object;)Ljava/lang/Object; (62 bytes) @ 0x000000010828cfa4 [0x000000010828cea0+0x104]
J 1850 C1 org.springsource.loaded.ri.ReflectiveInterceptor.jlrMethodInvoke(Ljava/lang/reflect/Method;Ljava/lang/Object;[Ljava/lang/Object;)Ljava/lang/Object; (2214 bytes) @ 0x0000000108435d0c [0x00000001084346a0+0x166c]
J 3596 C1 org.codehaus.groovy.reflection.CachedMethod.invoke(Ljava/lang/Object;[Ljava/lang/Object;)Ljava/lang/Object; (70 bytes) @ 0x00000001087c287c [0x00000001087c2840+0x3c]
J 1870 C1 groovy.lang.MetaMethod.doMethodInvoke(Ljava/lang/Object;[Ljava/lang/Object;)Ljava/lang/Object; (22 bytes) @ 0x0000000108446ed4 [0x0000000108446e60+0x74]
J 4217 C1 org.codehaus.groovy.runtime.metaclass.MethodMetaProperty$GetBeanMethodMetaProperty.getProperty(Ljava/lang/Object;)Ljava/lang/Object; (12 bytes) @ 0x000000010890d40c [0x000000010890d3c0+0x4c]
J 11186 C1 org.codehaus.groovy.runtime.callsite.GetEffectivePogoPropertySite.getProperty(Ljava/lang/Object;)Ljava/lang/Object; (15 bytes) @ 0x0000000109693084 [0x0000000109693040+0x44]
J 3634 C1 org.codehaus.groovy.runtime.callsite.AbstractCallSite.callGetProperty(Ljava/lang/Object;)Ljava/lang/Object; (12 bytes) @ 0x00000001087dcae4 [0x00000001087dca80+0x64]
j  organizer_auth_user_gson$_run_closure1$_closure2.doCall(Ljava/lang/Object;)Ljava/lang/Object;+43
j  organizer_auth_user_gson$_run_closure1$_closure2.call()Ljava/lang/Object;+2
J 10694 C1 grails.plugin.json.builder.StreamingJsonBuilder$StreamingJsonDelegate.cloneDelegateAndGetContent(Ljava/io/Writer;Lgroovy/lang/Closure;ZLgrails/plugin/json/builder/JsonGenerator;)V (41 bytes) @ 0x000000010955d27c [0x000000010955d080+0x1fc]
J 13075 C1 grails.plugin.json.builder.StreamingJsonBuilder$StreamingJsonDelegate.call(Ljava/lang/String;Lgroovy/lang/Closure;)V (55 bytes) @ 0x0000000109b85894 [0x0000000109b85740+0x154]
J 8991 C1 grails.plugin.json.builder.StreamingJsonBuilder$StreamingJsonDelegate.invokeMethod(Ljava/lang/String;Ljava/lang/Object;)Ljava/lang/Object; (229 bytes) @ 0x00000001091e7fcc [0x00000001091e77e0+0x7ec]
j  organizer_auth_user_gson$_run_closure1.doCall(Ljava/lang/Object;)Ljava/lang/Object;+66
j  organizer_auth_user_gson$_run_closure1.call()Ljava/lang/Object;+2
J 10694 C1 grails.plugin.json.builder.StreamingJsonBuilder$StreamingJsonDelegate.cloneDelegateAndGetContent(Ljava/io/Writer;Lgroovy/lang/Closure;ZLgrails/plugin/json/builder/JsonGenerator;)V (41 bytes) @ 0x000000010955d27c [0x000000010955d080+0x1fc]
J 11462 C1 grails.plugin.json.view.JsonViewWritableScript.json(Lgroovy/lang/Closure;)Lgrails/plugin/json/builder/StreamingJsonBuilder; (212 bytes) @ 0x000000010974eab4 [0x000000010974e2a0+0x814]
j  organizer_auth_user_gson.run()Ljava/lang/Object;+13
J 13271 C1 grails.plugin.json.view.JsonViewWritableScript.doWrite(Ljava/io/Writer;)Ljava/io/Writer; (123 bytes) @ 0x0000000109bfc274 [0x0000000109bfba60+0x814]
J 13268 C1 grails.views.AbstractWritableScript.writeTo(Ljava/io/Writer;)Ljava/io/Writer; (169 bytes) @ 0x0000000109bf943c [0x0000000109bf93c0+0x7c]
j  grails.views.mvc.GenericGroovyTemplateView.renderMergedOutputModel(Ljava/util/Map;Ljavax/servlet/http/HttpServletRequest;Ljavax/servlet/http/HttpServletResponse;)V+303
J 11301 C1 org.springframework.web.servlet.view.AbstractView.render(Ljava/util/Map;Ljavax/servlet/http/HttpServletRequest;Ljavax/servlet/http/HttpServletResponse;)V (92 bytes) @ 0x00000001096f2f94 [0x00000001096f2bc0+0x3d4]
J 12024 C1 org.springframework.web.servlet.DispatcherServlet.render(Lorg/springframework/web/servlet/ModelAndView;Ljavax/servlet/http/HttpServletRequest;Ljavax/servlet/http/HttpServletResponse;)V (323 bytes) @ 0x000000010989686c [0x0000000109895f00+0x96c]
J 12850 C1 org.springframework.web.servlet.DispatcherServlet.processDispatchResult(Ljavax/servlet/http/HttpServletRequest;Ljavax/servlet/http/HttpServletResponse;Lorg/springframework/web/servlet/HandlerExecutionChain;Lorg/springframework/web/servlet/ModelAndView;Ljava/lang/Exception;)V (187 bytes) @ 0x0000000109acfd44 [0x0000000109acf820+0x524]
J 12848 C1 org.springframework.web.servlet.DispatcherServlet.doDispatch(Ljavax/servlet/http/HttpServletRequest;Ljavax/servlet/http/HttpServletResponse;)V (608 bytes) @ 0x0000000109ac9acc [0x0000000109ac8da0+0xd2c]
J 12847 C1 org.springframework.web.servlet.DispatcherServlet.doService(Ljavax/servlet/http/HttpServletRequest;Ljavax/servlet/http/HttpServletResponse;)V (359 bytes) @ 0x0000000109ac726c [0x0000000109ac67e0+0xa8c]
J 12835 C1 org.springframework.web.servlet.FrameworkServlet.processRequest(Ljavax/servlet/http/HttpServletRequest;Ljavax/servlet/http/HttpServletResponse;)V (314 bytes) @ 0x0000000109ac068c [0x0000000109ac02c0+0x3cc]
J 12086 C1 org.springframework.web.servlet.FrameworkServlet.doGet(Ljavax/servlet/http/HttpServletRequest;Ljavax/servlet/http/HttpServletResponse;)V (7 bytes) @ 0x00000001098e04b4 [0x00000001098e0480+0x34]
J 12818 C1 javax.servlet.http.HttpServlet.service(Ljavax/servlet/http/HttpServletRequest;Ljavax/servlet/http/HttpServletResponse;)V (270 bytes) @ 0x0000000109aaffe4 [0x0000000109aaf9c0+0x624]
J 12834 C1 org.springframework.web.servlet.FrameworkServlet.service(Ljavax/servlet/http/HttpServletRequest;Ljavax/servlet/http/HttpServletResponse;)V (37 bytes) @ 0x0000000109ab5c84 [0x0000000109ab5b00+0x184]
J 12817 C1 javax.servlet.http.HttpServlet.service(Ljavax/servlet/ServletRequest;Ljavax/servlet/ServletResponse;)V (35 bytes) @ 0x0000000109aad9ac [0x0000000109aad8e0+0xcc]
J 7955 C1 org.apache.catalina.core.ApplicationFilterChain.internalDoFilter(Ljavax/servlet/ServletRequest;Ljavax/servlet/ServletResponse;)V (388 bytes) @ 0x0000000108f8c824 [0x0000000108f8c600+0x224]
J 7954 C1 org.apache.catalina.core.ApplicationFilterChain.doFilter(Ljavax/servlet/ServletRequest;Ljavax/servlet/ServletResponse;)V (105 bytes) @ 0x0000000108f8c174 [0x0000000108f8c140+0x34]
J 12882 C1 org.apache.tomcat.websocket.server.WsFilter.doFilter(Ljavax/servlet/ServletRequest;Ljavax/servlet/ServletResponse;Ljavax/servlet/FilterChain;)V (139 bytes) @ 0x0000000109af5d74 [0x0000000109af5a00+0x374]
J 7955 C1 org.apache.catalina.core.ApplicationFilterChain.internalDoFilter(Ljavax/servlet/ServletRequest;Ljavax/servlet/ServletResponse;)V (388 bytes) @ 0x0000000108f8ca94 [0x0000000108f8c600+0x494]
J 7954 C1 org.apache.catalina.core.ApplicationFilterChain.doFilter(Ljavax/servlet/ServletRequest;Ljavax/servlet/ServletResponse;)V (105 bytes) @ 0x0000000108f8c174 [0x0000000108f8c140+0x34]
J 11981 C1 org.springframework.boot.web.filter.ApplicationContextHeaderFilter.doFilterInternal(Ljavax/servlet/http/HttpServletRequest;Ljavax/servlet/http/HttpServletResponse;Ljavax/servlet/FilterChain;)V (26 bytes) @ 0x0000000109883fc4 [0x0000000109883ee0+0xe4]
J 7786 C1 org.springframework.web.filter.OncePerRequestFilter.doFilter(Ljavax/servlet/ServletRequest;Ljavax/servlet/ServletResponse;Ljavax/servlet/FilterChain;)V (139 bytes) @ 0x0000000108f198ec [0x0000000108f19640+0x2ac]
J 7955 C1 org.apache.catalina.core.ApplicationFilterChain.internalDoFilter(Ljavax/servlet/ServletRequest;Ljavax/servlet/ServletResponse;)V (388 bytes) @ 0x0000000108f8ca94 [0x0000000108f8c600+0x494]
J 7954 C1 org.apache.catalina.core.ApplicationFilterChain.doFilter(Ljavax/servlet/ServletRequest;Ljavax/servlet/ServletResponse;)V (105 bytes) @ 0x0000000108f8c174 [0x0000000108f8c140+0x34]
J 12330 C1 org.springframework.boot.actuate.trace.WebRequestTraceFilter.doFilterInternal(Ljavax/servlet/http/HttpServletRequest;Ljavax/servlet/http/HttpServletResponse;Ljavax/servlet/FilterChain;)V (154 bytes) @ 0x0000000109977efc [0x0000000109977e00+0xfc]
J 7786 C1 org.springframework.web.filter.OncePerRequestFilter.doFilter(Ljavax/servlet/ServletRequest;Ljavax/servlet/ServletResponse;Ljavax/servlet/FilterChain;)V (139 bytes) @ 0x0000000108f198ec [0x0000000108f19640+0x2ac]
J 7955 C1 org.apache.catalina.core.ApplicationFilterChain.internalDoFilter(Ljavax/servlet/ServletRequest;Ljavax/servlet/ServletResponse;)V (388 bytes) @ 0x0000000108f8ca94 [0x0000000108f8c600+0x494]
J 7954 C1 org.apache.catalina.core.ApplicationFilterChain.doFilter(Ljavax/servlet/ServletRequest;Ljavax/servlet/ServletResponse;)V (105 bytes) @ 0x0000000108f8c174 [0x0000000108f8c140+0x34]
J 11909 C1 org.grails.web.servlet.mvc.GrailsWebRequestFilter.doFilterInternal(Ljavax/servlet/http/HttpServletRequest;Ljavax/servlet/http/HttpServletResponse;Ljavax/servlet/FilterChain;)V (304 bytes) @ 0x000000010985fe5c [0x000000010985f720+0x73c]
J 7786 C1 org.springframework.web.filter.OncePerRequestFilter.doFilter(Ljavax/servlet/ServletRequest;Ljavax/servlet/ServletResponse;Ljavax/servlet/FilterChain;)V (139 bytes) @ 0x0000000108f198ec [0x0000000108f19640+0x2ac]
J 7955 C1 org.apache.catalina.core.ApplicationFilterChain.internalDoFilter(Ljavax/servlet/ServletRequest;Ljavax/servlet/ServletResponse;)V (388 bytes) @ 0x0000000108f8ca94 [0x0000000108f8c600+0x494]
J 7954 C1 org.apache.catalina.core.ApplicationFilterChain.doFilter(Ljavax/servlet/ServletRequest;Ljavax/servlet/ServletResponse;)V (105 bytes) @ 0x0000000108f8c174 [0x0000000108f8c140+0x34]
J 11009 C1 org.grails.web.filters.HiddenHttpMethodFilter.doFilterInternal(Ljavax/servlet/http/HttpServletRequest;Ljavax/servlet/http/HttpServletResponse;Ljavax/servlet/FilterChain;)V (56 bytes) @ 0x0000000109614e2c [0x0000000109614d00+0x12c]
J 7786 C1 org.springframework.web.filter.OncePerRequestFilter.doFilter(Ljavax/servlet/ServletRequest;Ljavax/servlet/ServletResponse;Ljavax/servlet/FilterChain;)V (139 bytes) @ 0x0000000108f198ec [0x0000000108f19640+0x2ac]
J 7955 C1 org.apache.catalina.core.ApplicationFilterChain.internalDoFilter(Ljavax/servlet/ServletRequest;Ljavax/servlet/ServletResponse;)V (388 bytes) @ 0x0000000108f8ca94 [0x0000000108f8c600+0x494]
J 7954 C1 org.apache.catalina.core.ApplicationFilterChain.doFilter(Ljavax/servlet/ServletRequest;Ljavax/servlet/ServletResponse;)V (105 bytes) @ 0x0000000108f8c174 [0x0000000108f8c140+0x34]
J 11908 C1 org.springframework.web.filter.CharacterEncodingFilter.doFilterInternal(Ljavax/servlet/http/HttpServletRequest;Ljavax/servlet/http/HttpServletResponse;Ljavax/servlet/FilterChain;)V (59 bytes) @ 0x000000010985ef24 [0x000000010985ede0+0x144]
J 7786 C1 org.springframework.web.filter.OncePerRequestFilter.doFilter(Ljavax/servlet/ServletRequest;Ljavax/servlet/ServletResponse;Ljavax/servlet/FilterChain;)V (139 bytes) @ 0x0000000108f198ec [0x0000000108f19640+0x2ac]
J 7955 C1 org.apache.catalina.core.ApplicationFilterChain.internalDoFilter(Ljavax/servlet/ServletRequest;Ljavax/servlet/ServletResponse;)V (388 bytes) @ 0x0000000108f8ca94 [0x0000000108f8c600+0x494]
J 7954 C1 org.apache.catalina.core.ApplicationFilterChain.doFilter(Ljavax/servlet/ServletRequest;Ljavax/servlet/ServletResponse;)V (105 bytes) @ 0x0000000108f8c174 [0x0000000108f8c140+0x34]
J 11901 C1 org.springframework.web.filter.CorsFilter.doFilterInternal(Ljavax/servlet/http/HttpServletRequest;Ljavax/servlet/http/HttpServletResponse;Ljavax/servlet/FilterChain;)V (61 bytes) @ 0x00000001098517b4 [0x0000000109851640+0x174]
J 7786 C1 org.springframework.web.filter.OncePerRequestFilter.doFilter(Ljavax/servlet/ServletRequest;Ljavax/servlet/ServletResponse;Ljavax/servlet/FilterChain;)V (139 bytes) @ 0x0000000108f198ec [0x0000000108f19640+0x2ac]
J 7955 C1 org.apache.catalina.core.ApplicationFilterChain.internalDoFilter(Ljavax/servlet/ServletRequest;Ljavax/servlet/ServletResponse;)V (388 bytes) @ 0x0000000108f8ca94 [0x0000000108f8c600+0x494]
J 7954 C1 org.apache.catalina.core.ApplicationFilterChain.doFilter(Ljavax/servlet/ServletRequest;Ljavax/servlet/ServletResponse;)V (105 bytes) @ 0x0000000108f8c174 [0x0000000108f8c140+0x34]
J 11898 C1 org.springframework.boot.actuate.autoconfigure.MetricsFilter.doFilterInternal(Ljavax/servlet/http/HttpServletRequest;Ljavax/servlet/http/HttpServletResponse;Ljavax/servlet/FilterChain;)V (158 bytes) @ 0x0000000109850424 [0x00000001098502e0+0x144]
J 7786 C1 org.springframework.web.filter.OncePerRequestFilter.doFilter(Ljavax/servlet/ServletRequest;Ljavax/servlet/ServletResponse;Ljavax/servlet/FilterChain;)V (139 bytes) @ 0x0000000108f198ec [0x0000000108f19640+0x2ac]
J 7955 C1 org.apache.catalina.core.ApplicationFilterChain.internalDoFilter(Ljavax/servlet/ServletRequest;Ljavax/servlet/ServletResponse;)V (388 bytes) @ 0x0000000108f8ca94 [0x0000000108f8c600+0x494]
J 7954 C1 org.apache.catalina.core.ApplicationFilterChain.doFilter(Ljavax/servlet/ServletRequest;Ljavax/servlet/ServletResponse;)V (105 bytes) @ 0x0000000108f8c174 [0x0000000108f8c140+0x34]
J 11509 C1 org.apache.catalina.core.StandardWrapperValve.invoke(Lorg/apache/catalina/connector/Request;Lorg/apache/catalina/connector/Response;)V (1307 bytes) @ 0x000000010975ef74 [0x000000010975d620+0x1954]
J 11506 C1 org.apache.catalina.core.StandardContextValve.invoke(Lorg/apache/catalina/connector/Request;Lorg/apache/catalina/connector/Response;)V (172 bytes) @ 0x000000010975b6cc [0x000000010975b1e0+0x4ec]
J 11023 C1 org.apache.catalina.authenticator.AuthenticatorBase.invoke(Lorg/apache/catalina/connector/Request;Lorg/apache/catalina/connector/Response;)V (835 bytes) @ 0x000000010961dfcc [0x000000010961cda0+0x122c]
J 11039 C1 org.apache.catalina.core.StandardHostValve.invoke(Lorg/apache/catalina/connector/Request;Lorg/apache/catalina/connector/Response;)V (402 bytes) @ 0x0000000109628aa4 [0x0000000109628620+0x484]
J 11038 C1 org.apache.catalina.valves.ErrorReportValve.invoke(Lorg/apache/catalina/connector/Request;Lorg/apache/catalina/connector/Response;)V (119 bytes) @ 0x0000000109626dac [0x0000000109626d40+0x6c]
J 11021 C1 org.apache.catalina.core.StandardEngineValve.invoke(Lorg/apache/catalina/connector/Request;Lorg/apache/catalina/connector/Response;)V (77 bytes) @ 0x000000010961adcc [0x000000010961abe0+0x1ec]
J 10762 C1 org.apache.catalina.connector.CoyoteAdapter.service(Lorg/apache/coyote/Request;Lorg/apache/coyote/Response;)V (677 bytes) @ 0x00000001095815ec [0x0000000109580ea0+0x74c]
J 11454 C1 org.apache.coyote.http11.Http11Processor.service(Lorg/apache/tomcat/util/net/SocketWrapperBase;)Lorg/apache/tomcat/util/net/AbstractEndpoint$Handler$SocketState; (1260 bytes) @ 0x0000000109744e44 [0x0000000109743f20+0xf24]
J 11804 C1 org.apache.coyote.AbstractProcessorLight.process(Lorg/apache/tomcat/util/net/SocketWrapperBase;Lorg/apache/tomcat/util/net/SocketEvent;)Lorg/apache/tomcat/util/net/AbstractEndpoint$Handler$SocketState; (248 bytes) @ 0x000000010980c294 [0x000000010980c060+0x234]
J 11224 C1 org.apache.coyote.AbstractProtocol$ConnectionHandler.process(Lorg/apache/tomcat/util/net/SocketWrapperBase;Lorg/apache/tomcat/util/net/SocketEvent;)Lorg/apache/tomcat/util/net/AbstractEndpoint$Handler$SocketState; (1178 bytes) @ 0x00000001096b5f7c [0x00000001096b5260+0xd1c]
J 10889 C1 org.apache.tomcat.util.net.NioEndpoint$SocketProcessor.doRun()V (526 bytes) @ 0x00000001095cd064 [0x00000001095ccce0+0x384]
J 10885 C1 org.apache.tomcat.util.net.SocketProcessorBase.run()V (35 bytes) @ 0x00000001095cc31c [0x00000001095cc1a0+0x17c]
j  java.util.concurrent.ThreadPoolExecutor.runWorker(Ljava/util/concurrent/ThreadPoolExecutor$Worker;)V+95
j  java.util.concurrent.ThreadPoolExecutor$Worker.run()V+5
j  org.apache.tomcat.util.threads.TaskThread$WrappingRunnable.run()V+4
j  java.lang.Thread.run()V+11
v  ~StubRoutines::call_stub
V  [libjvm.dylib+0x2ee5b6]  JavaCalls::call_helper(JavaValue*, methodHandle*, JavaCallArguments*, Thread*)+0x6ae
V  [libjvm.dylib+0x2eed5a]  JavaCalls::call_virtual(JavaValue*, KlassHandle, Symbol*, Symbol*, JavaCallArguments*, Thread*)+0x164
V  [libjvm.dylib+0x2eef06]  JavaCalls::call_virtual(JavaValue*, Handle, KlassHandle, Symbol*, Symbol*, Thread*)+0x4a
V  [libjvm.dylib+0x34965d]  thread_entry(JavaThread*, Thread*)+0x7c
V  [libjvm.dylib+0x56b87f]  JavaThread::thread_main_inner()+0x9b
V  [libjvm.dylib+0x56cf6c]  JavaThread::run()+0x1c2
V  [libjvm.dylib+0x48b376]  java_start(Thread*)+0xf6
C  [libsystem_pthread.dylib+0x36c1]  _pthread_body+0x154
C  [libsystem_pthread.dylib+0x356d]  _pthread_body+0x0
C  [libsystem_pthread.dylib+0x2c5d]  thread_start+0xd
C  0x0000000000000000


---------------  P R O C E S S  ---------------

Java Threads: ( => current thread )
  0x00007f821a102800 JavaThread "Thread-9" daemon [_thread_blocked, id=16927, stack(0x000070000c9e2000,0x000070000cae2000)]
  0x00007f821810e000 JavaThread "DestroyJavaVM" [_thread_blocked, id=9987, stack(0x000070000b9b2000,0x000070000bab2000)]
  0x00007f821a0c1000 JavaThread "Thread-6" daemon [_thread_blocked, id=38403, stack(0x000070000df21000,0x000070000e021000)]
  0x00007f821a0c0000 JavaThread "Thread-8" [_thread_blocked, id=25603, stack(0x000070000de1e000,0x000070000df1e000)]
  0x00007f821b1bf000 JavaThread "Thread-7" daemon [_thread_blocked, id=38915, stack(0x000070000dd1b000,0x000070000de1b000)]
  0x00007f821810d800 JavaThread "http-nio-8080-AsyncTimeout" daemon [_thread_blocked, id=39171, stack(0x000070000dc18000,0x000070000dd18000)]
  0x00007f821b1a2000 JavaThread "http-nio-8080-Acceptor-0" daemon [_thread_in_native, id=39427, stack(0x000070000db15000,0x000070000dc15000)]
  0x00007f821a0bb000 JavaThread "http-nio-8080-ClientPoller-1" daemon [_thread_in_native, id=39939, stack(0x000070000da12000,0x000070000db12000)]
  0x00007f821a0b8800 JavaThread "http-nio-8080-ClientPoller-0" daemon [_thread_in_native, id=24835, stack(0x000070000d90f000,0x000070000da0f000)]
  0x00007f821a0d0800 JavaThread "http-nio-8080-exec-10" daemon [_thread_blocked, id=24579, stack(0x000070000d80c000,0x000070000d90c000)]
  0x00007f821a0cf800 JavaThread "http-nio-8080-exec-9" daemon [_thread_blocked, id=24323, stack(0x000070000d709000,0x000070000d809000)]
  0x00007f821a0cf000 JavaThread "http-nio-8080-exec-8" daemon [_thread_blocked, id=23811, stack(0x000070000d606000,0x000070000d706000)]
  0x00007f8218f4f800 JavaThread "http-nio-8080-exec-7" daemon [_thread_blocked, id=23555, stack(0x000070000d503000,0x000070000d603000)]
  0x00007f8218f4e800 JavaThread "http-nio-8080-exec-6" daemon [_thread_blocked, id=23043, stack(0x000070000d400000,0x000070000d500000)]
  0x00007f82188cb800 JavaThread "http-nio-8080-exec-5" daemon [_thread_blocked, id=41475, stack(0x000070000d2fd000,0x000070000d3fd000)]
  0x00007f8218be5800 JavaThread "http-nio-8080-exec-4" daemon [_thread_blocked, id=41987, stack(0x000070000d1fa000,0x000070000d2fa000)]
  0x00007f821b1a8000 JavaThread "http-nio-8080-exec-3" daemon [_thread_blocked, id=22531, stack(0x000070000d0f7000,0x000070000d1f7000)]
  0x00007f821b1a7000 JavaThread "http-nio-8080-exec-2" daemon [_thread_blocked, id=22019, stack(0x000070000cff4000,0x000070000d0f4000)]
=>0x00007f821b1fb000 JavaThread "http-nio-8080-exec-1" daemon [_thread_in_Java, id=42499, stack(0x000070000cef1000,0x000070000cff1000)]
  0x00007f8218d1c800 JavaThread "NioBlockingSelector.BlockPoller-1" daemon [_thread_in_native, id=43011, stack(0x000070000cdee000,0x000070000ceee000)]
  0x00007f8218dc5000 JavaThread "container-0" [_thread_blocked, id=21763, stack(0x000070000cceb000,0x000070000cdeb000)]
  0x00007f8217f84800 JavaThread "ContainerBackgroundProcessor[StandardEngine[Tomcat]]" daemon [_thread_blocked, id=17155, stack(0x000070000cbe8000,0x000070000cce8000)]
  0x00007f8217d7f800 JavaThread "Abandoned connection cleanup thread" daemon [_thread_blocked, id=4107, stack(0x000070000c8df000,0x000070000c9df000)]
  0x00007f8217dcf800 JavaThread "Tomcat JDBC Pool Cleaner[414493378:1524764729561]" daemon [_thread_blocked, id=4363, stack(0x000070000b8ac000,0x000070000b9ac000)]
  0x00007f8217a82800 JavaThread "FileSystemWatcher: files=#58 cl=sun.misc.Launcher$AppClassLoader@18b4aac2" daemon [_thread_blocked, id=18179, stack(0x000070000c7dc000,0x000070000c8dc000)]
  0x00007f8218bb9800 JavaThread "Service Thread" daemon [_thread_blocked, id=15619, stack(0x000070000c5d6000,0x000070000c6d6000)]
  0x00007f8218b98800 JavaThread "C1 CompilerThread2" daemon [_thread_blocked, id=18947, stack(0x000070000c4d3000,0x000070000c5d3000)]
  0x00007f8218b97800 JavaThread "C2 CompilerThread1" daemon [_thread_blocked, id=19459, stack(0x000070000c3d0000,0x000070000c4d0000)]
  0x00007f8218b97000 JavaThread "C2 CompilerThread0" daemon [_thread_blocked, id=19715, stack(0x000070000c2cd000,0x000070000c3cd000)]
  0x00007f8217862000 JavaThread "Signal Dispatcher" daemon [_thread_blocked, id=20231, stack(0x000070000c1ca000,0x000070000c2ca000)]
  0x00007f821901c000 JavaThread "Finalizer" daemon [_thread_blocked, id=21251, stack(0x000070000c0c7000,0x000070000c1c7000)]
  0x00007f8217838800 JavaThread "Reference Handler" daemon [_thread_blocked, id=12291, stack(0x000070000bfc4000,0x000070000c0c4000)]

Other Threads:
  0x00007f8217833800 VMThread [stack: 0x000070000bec1000,0x000070000bfc1000] [id=11779]
  0x00007f82179f7800 WatcherThread [stack: 0x000070000c6d9000,0x000070000c7d9000] [id=15875]

VM state:not at safepoint (normal execution)

VM Mutex/Monitor currently owned by a thread: None

Heap:
 PSYoungGen      total 225792K, used 190687K [0x00000007b0000000, 0x00000007c0000000, 0x00000007c0000000)
  eden space 190464K, 91% used [0x00000007b0000000,0x00000007baa2a058,0x00000007bba00000)
  from space 35328K, 46% used [0x00000007bba00000,0x00000007bca0deb8,0x00000007bdc80000)
  to   space 34304K, 0% used [0x00000007bde80000,0x00000007bde80000,0x00000007c0000000)
 ParOldGen       total 524288K, used 121605K [0x0000000790000000, 0x00000007b0000000, 0x00000007b0000000)
  object space 524288K, 23% used [0x0000000790000000,0x00000007976c1458,0x00000007b0000000)
 Metaspace       used 78472K, capacity 84348K, committed 84528K, reserved 1120256K
  class space    used 10345K, capacity 12763K, committed 12848K, reserved 1048576K

Card table byte_map: [0x0000000104f63000,0x00000001050e4000] byte_map_base: 0x00000001012e3000

Marking Bits: (ParMarkBitMap*) 0x00000001044f1ea0
 Begin Bits: [0x00000001051e4000, 0x0000000105de4000)
 End Bits:   [0x0000000105de4000, 0x00000001069e4000)

Polling page: 0x0000000103347000

CodeCache: size=245760Kb used=31464Kb max_used=31483Kb free=214295Kb
 bounds [0x0000000107ef5000, 0x0000000109dc5000, 0x0000000116ef5000]
 total_blobs=14504 nmethods=13674 adapters=741
 compilation: enabled

Compilation events (10 events):
Event: 12365.938 Thread 0x00007f8218b98800 nmethod 13956 0x000000010986a690 code [0x000000010986a800, 0x000000010986a988]
Event: 12365.940 Thread 0x00007f8218b98800 13957       1       org.springframework.context.support.AbstractApplicationContext::getEnvironment (20 bytes)
Event: 12365.941 Thread 0x00007f8218b98800 nmethod 13957 0x0000000109c70610 code [0x0000000109c70780, 0x0000000109c70908]
Event: 12409.051 Thread 0x00007f8218b98800 13958       1       org.springframework.core.SerializableTypeWrapper::forTypeParameters (42 bytes)
Event: 12409.053 Thread 0x00007f8218b98800 nmethod 13958 0x0000000109003cd0 code [0x0000000109003e60, 0x0000000109004228]
Event: 12409.053 Thread 0x00007f8218b98800 13959       1       org.springframework.context.event.AbstractApplicationEventMulticaster::supportsEvent (43 bytes)
Event: 12409.054 Thread 0x00007f8218b98800 nmethod 13959 0x0000000109648e10 code [0x0000000109648fe0, 0x0000000109649388]
Event: 12409.108 Thread 0x00007f8218b98800 13960       1       java.lang.Math::abs (11 bytes)
Event: 12409.108 Thread 0x00007f8218b98800 nmethod 13960 0x0000000109c0c850 code [0x0000000109c0c9a0, 0x0000000109c0cab0]
Event: 12409.261 Thread 0x00007f8218b98800 13961       1       groovy.lang.MetaMethod::isMethod (59 bytes)

GC Heap History (10 events):
Event: 8030.291 GC heap before
{Heap before GC invocations=50 (full 3):
 PSYoungGen      total 223232K, used 200043K [0x00000007b0000000, 0x00000007c0000000, 0x00000007c0000000)
  eden space 183808K, 100% used [0x00000007b0000000,0x00000007bb380000,0x00000007bb380000)
  from space 39424K, 41% used [0x00000007bd980000,0x00000007be95ae08,0x00000007c0000000)
  to   space 38912K, 0% used [0x00000007bb380000,0x00000007bb380000,0x00000007bd980000)
 ParOldGen       total 524288K, used 115479K [0x0000000790000000, 0x00000007b0000000, 0x00000007b0000000)
  object space 524288K, 22% used [0x0000000790000000,0x00000007970c5d78,0x00000007b0000000)
 Metaspace       used 76651K, capacity 82198K, committed 82224K, reserved 1120256K
  class space    used 10141K, capacity 12312K, committed 12336K, reserved 1048576K
Event: 8030.312 GC heap after
Heap after GC invocations=50 (full 3):
 PSYoungGen      total 222720K, used 15487K [0x00000007b0000000, 0x00000007c0000000, 0x00000007c0000000)
  eden space 183808K, 0% used [0x00000007b0000000,0x00000007b0000000,0x00000007bb380000)
  from space 38912K, 39% used [0x00000007bb380000,0x00000007bc29ff28,0x00000007bd980000)
  to   space 37888K, 0% used [0x00000007bdb00000,0x00000007bdb00000,0x00000007c0000000)
 ParOldGen       total 524288K, used 117147K [0x0000000790000000, 0x00000007b0000000, 0x00000007b0000000)
  object space 524288K, 22% used [0x0000000790000000,0x0000000797266cf8,0x00000007b0000000)
 Metaspace       used 76651K, capacity 82198K, committed 82224K, reserved 1120256K
  class space    used 10141K, capacity 12312K, committed 12336K, reserved 1048576K
}
Event: 8055.358 GC heap before
{Heap before GC invocations=51 (full 3):
 PSYoungGen      total 222720K, used 199295K [0x00000007b0000000, 0x00000007c0000000, 0x00000007c0000000)
  eden space 183808K, 100% used [0x00000007b0000000,0x00000007bb380000,0x00000007bb380000)
  from space 38912K, 39% used [0x00000007bb380000,0x00000007bc29ff28,0x00000007bd980000)
  to   space 37888K, 0% used [0x00000007bdb00000,0x00000007bdb00000,0x00000007c0000000)
 ParOldGen       total 524288K, used 117147K [0x0000000790000000, 0x00000007b0000000, 0x00000007b0000000)
  object space 524288K, 22% used [0x0000000790000000,0x0000000797266cf8,0x00000007b0000000)
 Metaspace       used 76857K, capacity 82504K, committed 82736K, reserved 1120256K
  class space    used 10190K, capacity 12467K, committed 12592K, reserved 1048576K
Event: 8055.375 GC heap after
Heap after GC invocations=51 (full 3):
 PSYoungGen      total 225280K, used 16198K [0x00000007b0000000, 0x00000007c0000000, 0x00000007c0000000)
  eden space 187392K, 0% used [0x00000007b0000000,0x00000007b0000000,0x00000007bb700000)
  from space 37888K, 42% used [0x00000007bdb00000,0x00000007bead18b8,0x00000007c0000000)
  to   space 36864K, 0% used [0x00000007bb700000,0x00000007bb700000,0x00000007bdb00000)
 ParOldGen       total 524288K, used 118279K [0x0000000790000000, 0x00000007b0000000, 0x00000007b0000000)
  object space 524288K, 22% used [0x0000000790000000,0x0000000797381d18,0x00000007b0000000)
 Metaspace       used 76857K, capacity 82504K, committed 82736K, reserved 1120256K
  class space    used 10190K, capacity 12467K, committed 12592K, reserved 1048576K
}
Event: 8929.936 GC heap before
{Heap before GC invocations=52 (full 3):
 PSYoungGen      total 225280K, used 203590K [0x00000007b0000000, 0x00000007c0000000, 0x00000007c0000000)
  eden space 187392K, 100% used [0x00000007b0000000,0x00000007bb700000,0x00000007bb700000)
  from space 37888K, 42% used [0x00000007bdb00000,0x00000007bead18b8,0x00000007c0000000)
  to   space 36864K, 0% used [0x00000007bb700000,0x00000007bb700000,0x00000007bdb00000)
 ParOldGen       total 524288K, used 118279K [0x0000000790000000, 0x00000007b0000000, 0x00000007b0000000)
  object space 524288K, 22% used [0x0000000790000000,0x0000000797381d18,0x00000007b0000000)
 Metaspace       used 76954K, capacity 82690K, committed 82992K, reserved 1120256K
  class space    used 10209K, capacity 12542K, committed 12592K, reserved 1048576K
Event: 8929.963 GC heap after
Heap after GC invocations=52 (full 3):
 PSYoungGen      total 224256K, used 15734K [0x00000007b0000000, 0x00000007c0000000, 0x00000007c0000000)
  eden space 187392K, 0% used [0x00000007b0000000,0x00000007b0000000,0x00000007bb700000)
  from space 36864K, 42% used [0x00000007bb700000,0x00000007bc65d8a8,0x00000007bdb00000)
  to   space 36352K, 0% used [0x00000007bdc80000,0x00000007bdc80000,0x00000007c0000000)
 ParOldGen       total 524288K, used 119448K [0x0000000790000000, 0x00000007b0000000, 0x00000007b0000000)
  object space 524288K, 22% used [0x0000000790000000,0x00000007974a6358,0x00000007b0000000)
 Metaspace       used 76954K, capacity 82690K, committed 82992K, reserved 1120256K
  class space    used 10209K, capacity 12542K, committed 12592K, reserved 1048576K
}
Event: 11491.247 GC heap before
{Heap before GC invocations=53 (full 3):
 PSYoungGen      total 224256K, used 203126K [0x00000007b0000000, 0x00000007c0000000, 0x00000007c0000000)
  eden space 187392K, 100% used [0x00000007b0000000,0x00000007bb700000,0x00000007bb700000)
  from space 36864K, 42% used [0x00000007bb700000,0x00000007bc65d8a8,0x00000007bdb00000)
  to   space 36352K, 0% used [0x00000007bdc80000,0x00000007bdc80000,0x00000007c0000000)
 ParOldGen       total 524288K, used 119448K [0x0000000790000000, 0x00000007b0000000, 0x00000007b0000000)
  object space 524288K, 22% used [0x0000000790000000,0x00000007974a6358,0x00000007b0000000)
 Metaspace       used 77336K, capacity 83070K, committed 83376K, reserved 1120256K
  class space    used 10238K, capacity 12620K, committed 12720K, reserved 1048576K
Event: 11491.391 GC heap after
Heap after GC invocations=53 (full 3):
 PSYoungGen      total 226816K, used 15720K [0x00000007b0000000, 0x00000007c0000000, 0x00000007c0000000)
  eden space 190464K, 0% used [0x00000007b0000000,0x00000007b0000000,0x00000007bba00000)
  from space 36352K, 43% used [0x00000007bdc80000,0x00000007bebda1c8,0x00000007c0000000)
  to   space 35328K, 0% used [0x00000007bba00000,0x00000007bba00000,0x00000007bdc80000)
 ParOldGen       total 524288K, used 120636K [0x0000000790000000, 0x00000007b0000000, 0x00000007b0000000)
  object space 524288K, 23% used [0x0000000790000000,0x00000007975cf3a8,0x00000007b0000000)
 Metaspace       used 77336K, capacity 83070K, committed 83376K, reserved 1120256K
  class space    used 10238K, capacity 12620K, committed 12720K, reserved 1048576K
}
Event: 11864.330 GC heap before
{Heap before GC invocations=54 (full 3):
 PSYoungGen      total 226816K, used 206184K [0x00000007b0000000, 0x00000007c0000000, 0x00000007c0000000)
  eden space 190464K, 100% used [0x00000007b0000000,0x00000007bba00000,0x00000007bba00000)
  from space 36352K, 43% used [0x00000007bdc80000,0x00000007bebda1c8,0x00000007c0000000)
  to   space 35328K, 0% used [0x00000007bba00000,0x00000007bba00000,0x00000007bdc80000)
 ParOldGen       total 524288K, used 120636K [0x0000000790000000, 0x00000007b0000000, 0x00000007b0000000)
  object space 524288K, 23% used [0x0000000790000000,0x00000007975cf3a8,0x00000007b0000000)
 Metaspace       used 77592K, capacity 83418K, committed 83632K, reserved 1120256K
  class space    used 10266K, capacity 12677K, committed 12720K, reserved 1048576K
Event: 11864.431 GC heap after
Heap after GC invocations=54 (full 3):
 PSYoungGen      total 225792K, used 16439K [0x00000007b0000000, 0x00000007c0000000, 0x00000007c0000000)
  eden space 190464K, 0% used [0x00000007b0000000,0x00000007b0000000,0x00000007bba00000)
  from space 35328K, 46% used [0x00000007bba00000,0x00000007bca0deb8,0x00000007bdc80000)
  to   space 34304K, 0% used [0x00000007bde80000,0x00000007bde80000,0x00000007c0000000)
 ParOldGen       total 524288K, used 121605K [0x0000000790000000, 0x00000007b0000000, 0x00000007b0000000)
  object space 524288K, 23% used [0x0000000790000000,0x00000007976c1458,0x00000007b0000000)
 Metaspace       used 77592K, capacity 83418K, committed 83632K, reserved 1120256K
  class space    used 10266K, capacity 12677K, committed 12720K, reserved 1048576K
}

Deoptimization events (0 events):
No events

Internal exceptions (10 events):
Event: 12409.258 Thread 0x00007f821b1fb000 Exception <a 'java/lang/ArrayIndexOutOfBoundsException'> (0x00000007ba9e3500) thrown at [/Users/java_re/workspace/8-2-build-macosx-x86_64/jdk8u131/8869/hotspot/src/share/vm/runtime/sharedRuntime.cpp, line 605]
Event: 12409.258 Thread 0x00007f821b1fb000 Exception <a 'java/lang/ArrayIndexOutOfBoundsException'> (0x00000007ba9e6400) thrown at [/Users/java_re/workspace/8-2-build-macosx-x86_64/jdk8u131/8869/hotspot/src/share/vm/runtime/sharedRuntime.cpp, line 605]
Event: 12409.258 Thread 0x00007f821b1fb000 Exception <a 'java/lang/ArrayIndexOutOfBoundsException'> (0x00000007ba9e9008) thrown at [/Users/java_re/workspace/8-2-build-macosx-x86_64/jdk8u131/8869/hotspot/src/share/vm/runtime/sharedRuntime.cpp, line 605]
Event: 12409.258 Thread 0x00007f821b1fb000 Exception <a 'java/lang/ArrayIndexOutOfBoundsException'> (0x00000007ba9eff90) thrown at [/Users/java_re/workspace/8-2-build-macosx-x86_64/jdk8u131/8869/hotspot/src/share/vm/runtime/sharedRuntime.cpp, line 605]
Event: 12409.258 Thread 0x00007f821b1fb000 Exception <a 'java/lang/ArrayIndexOutOfBoundsException'> (0x00000007ba9f1e20) thrown at [/Users/java_re/workspace/8-2-build-macosx-x86_64/jdk8u131/8869/hotspot/src/share/vm/runtime/sharedRuntime.cpp, line 605]
Event: 12409.258 Thread 0x00007f821b1fb000 Exception <a 'java/lang/ArrayIndexOutOfBoundsException'> (0x00000007ba9f4280) thrown at [/Users/java_re/workspace/8-2-build-macosx-x86_64/jdk8u131/8869/hotspot/src/share/vm/runtime/sharedRuntime.cpp, line 605]
Event: 12409.259 Thread 0x00007f821b1fb000 Exception <a 'java/lang/ArrayIndexOutOfBoundsException'> (0x00000007ba9f9ea0) thrown at [/Users/java_re/workspace/8-2-build-macosx-x86_64/jdk8u131/8869/hotspot/src/share/vm/runtime/sharedRuntime.cpp, line 605]
Event: 12409.259 Thread 0x00007f821b1fb000 Exception <a 'java/lang/ArrayIndexOutOfBoundsException'> (0x00000007ba9ff688) thrown at [/Users/java_re/workspace/8-2-build-macosx-x86_64/jdk8u131/8869/hotspot/src/share/vm/runtime/sharedRuntime.cpp, line 605]
Event: 12409.259 Thread 0x00007f821b1fb000 Exception <a 'java/lang/ArrayIndexOutOfBoundsException'> (0x00000007baa025b0) thrown at [/Users/java_re/workspace/8-2-build-macosx-x86_64/jdk8u131/8869/hotspot/src/share/vm/runtime/sharedRuntime.cpp, line 605]
Event: 12409.259 Thread 0x00007f821b1fb000 Exception <a 'java/lang/ArrayIndexOutOfBoundsException'> (0x00000007baa03e98) thrown at [/Users/java_re/workspace/8-2-build-macosx-x86_64/jdk8u131/8869/hotspot/src/share/vm/runtime/sharedRuntime.cpp, line 605]

Events (10 events):
Event: 12409.248 loading class organizer/UserBeanInfo
Event: 12409.248 loading class organizer/UserBeanInfo done
Event: 12409.248 loading class organizer/UserCustomizer
Event: 12409.248 loading class organizer/UserCustomizer done
Event: 12409.248 loading class organizer/UserCustomizer
Event: 12409.248 loading class organizer/UserCustomizer done
Event: 12409.252 loading class organizer/UserCustomizer
Event: 12409.252 loading class organizer/UserCustomizer done
Event: 12409.260 Executing VM operation: RevokeBias
Event: 12409.261 Executing VM operation: RevokeBias done


Dynamic libraries:
0x000000001c82b000 	/System/Library/Frameworks/Cocoa.framework/Versions/A/Cocoa
0x000000001c82b000 	/System/Library/Frameworks/Security.framework/Versions/A/Security
0x000000001c82b000 	/System/Library/Frameworks/ApplicationServices.framework/Versions/A/ApplicationServices
0x000000001c82b000 	/usr/lib/libz.1.dylib
0x000000001c82b000 	/usr/lib/libSystem.B.dylib
0x000000001c82b000 	/usr/lib/libobjc.A.dylib
0x000000001c82b000 	/System/Library/Frameworks/CoreFoundation.framework/Versions/A/CoreFoundation
0x000000001c82b000 	/System/Library/Frameworks/Foundation.framework/Versions/C/Foundation
0x000000001c82b000 	/System/Library/Frameworks/AppKit.framework/Versions/C/AppKit
0x000000001c82b000 	/System/Library/Frameworks/CoreData.framework/Versions/A/CoreData
0x000000001c82b000 	/System/Library/PrivateFrameworks/RemoteViewServices.framework/Versions/A/RemoteViewServices
0x000000001c82b000 	/System/Library/PrivateFrameworks/UIFoundation.framework/Versions/A/UIFoundation
0x000000001c82b000 	/System/Library/PrivateFrameworks/DFRFoundation.framework/Versions/A/DFRFoundation
0x000000001c82b000 	/System/Library/Frameworks/Metal.framework/Versions/A/Metal
0x000000001c82b000 	/System/Library/PrivateFrameworks/DesktopServicesPriv.framework/Versions/A/DesktopServicesPriv
0x000000001c82b000 	/usr/lib/libenergytrace.dylib
0x000000001c82b000 	/System/Library/PrivateFrameworks/SkyLight.framework/Versions/A/SkyLight
0x000000001c82b000 	/System/Library/Frameworks/CoreGraphics.framework/Versions/A/CoreGraphics
0x000000001c82b000 	/usr/lib/libScreenReader.dylib
0x000000001c82b000 	/System/Library/Frameworks/Accelerate.framework/Versions/A/Accelerate
0x000000001c82b000 	/System/Library/Frameworks/IOSurface.framework/Versions/A/IOSurface
0x000000001c82b000 	/System/Library/Frameworks/AudioToolbox.framework/Versions/A/AudioToolbox
0x000000001c82b000 	/System/Library/Frameworks/AudioUnit.framework/Versions/A/AudioUnit
0x000000001c82b000 	/System/Library/PrivateFrameworks/DataDetectorsCore.framework/Versions/A/DataDetectorsCore
0x000000001c82b000 	/System/Library/Frameworks/Carbon.framework/Versions/A/Frameworks/HIToolbox.framework/Versions/A/HIToolbox
0x000000001c82b000 	/usr/lib/libicucore.A.dylib
0x000000001c82b000 	/System/Library/Frameworks/QuartzCore.framework/Versions/A/QuartzCore
0x000000001c82b000 	/System/Library/Frameworks/Carbon.framework/Versions/A/Frameworks/SpeechRecognition.framework/Versions/A/SpeechRecognition
0x000000001c82b000 	/usr/lib/libauto.dylib
0x000000001c82b000 	/usr/lib/libxml2.2.dylib
0x000000001c82b000 	/System/Library/PrivateFrameworks/CoreUI.framework/Versions/A/CoreUI
0x000000001c82b000 	/System/Library/Frameworks/CoreAudio.framework/Versions/A/CoreAudio
0x000000001c82b000 	/System/Library/Frameworks/DiskArbitration.framework/Versions/A/DiskArbitration
0x000000001c82b000 	/usr/lib/liblangid.dylib
0x000000001c82b000 	/System/Library/PrivateFrameworks/MultitouchSupport.framework/Versions/A/MultitouchSupport
0x000000001c82b000 	/System/Library/Frameworks/IOKit.framework/Versions/A/IOKit
0x000000001c82b000 	/usr/lib/libDiagnosticMessagesClient.dylib
0x000000001c82b000 	/System/Library/Frameworks/CoreServices.framework/Versions/A/CoreServices
0x000000001c82b000 	/System/Library/PrivateFrameworks/PerformanceAnalysis.framework/Versions/A/PerformanceAnalysis
0x000000001c82b000 	/System/Library/Frameworks/OpenGL.framework/Versions/A/OpenGL
0x000000001c82b000 	/System/Library/Frameworks/ColorSync.framework/Versions/A/ColorSync
0x000000001c82b000 	/System/Library/Frameworks/CoreImage.framework/Versions/A/CoreImage
0x000000001c82b000 	/System/Library/Frameworks/CoreText.framework/Versions/A/CoreText
0x000000001c82b000 	/System/Library/Frameworks/ImageIO.framework/Versions/A/ImageIO
0x000000001c82b000 	/System/Library/PrivateFrameworks/Backup.framework/Versions/A/Backup
0x000000001c82b000 	/usr/lib/libarchive.2.dylib
0x000000001c82b000 	/System/Library/Frameworks/CFNetwork.framework/Versions/A/CFNetwork
0x000000001c82b000 	/System/Library/Frameworks/SystemConfiguration.framework/Versions/A/SystemConfiguration
0x000000001c82b000 	/usr/lib/libCRFSuite.dylib
0x000000001c82b000 	/usr/lib/libc++.1.dylib
0x000000001c82b000 	/usr/lib/libc++abi.dylib
0x000000001c82b000 	/usr/lib/system/libcache.dylib
0x000000001c82b000 	/usr/lib/system/libcommonCrypto.dylib
0x000000001c82b000 	/usr/lib/system/libcompiler_rt.dylib
0x000000001c82b000 	/usr/lib/system/libcopyfile.dylib
0x000000001c82b000 	/usr/lib/system/libcorecrypto.dylib
0x000000001c82b000 	/usr/lib/system/libdispatch.dylib
0x000000001c82b000 	/usr/lib/system/libdyld.dylib
0x000000001c82b000 	/usr/lib/system/libkeymgr.dylib
0x000000001c82b000 	/usr/lib/system/liblaunch.dylib
0x000000001c82b000 	/usr/lib/system/libmacho.dylib
0x000000001c82b000 	/usr/lib/system/libquarantine.dylib
0x000000001c82b000 	/usr/lib/system/libremovefile.dylib
0x000000001c82b000 	/usr/lib/system/libsystem_asl.dylib
0x000000001c82b000 	/usr/lib/system/libsystem_blocks.dylib
0x000000001c82b000 	/usr/lib/system/libsystem_c.dylib
0x000000001c82b000 	/usr/lib/system/libsystem_configuration.dylib
0x000000001c82b000 	/usr/lib/system/libsystem_coreservices.dylib
0x000000001c82b000 	/usr/lib/system/libsystem_darwin.dylib
0x000000001c82b000 	/usr/lib/system/libsystem_dnssd.dylib
0x000000001c82b000 	/usr/lib/system/libsystem_info.dylib
0x000000001c82b000 	/usr/lib/system/libsystem_m.dylib
0x000000001c82b000 	/usr/lib/system/libsystem_malloc.dylib
0x000000001c82b000 	/usr/lib/system/libsystem_network.dylib
0x000000001c82b000 	/usr/lib/system/libsystem_networkextension.dylib
0x000000001c82b000 	/usr/lib/system/libsystem_notify.dylib
0x000000001c82b000 	/usr/lib/system/libsystem_sandbox.dylib
0x000000001c82b000 	/usr/lib/system/libsystem_secinit.dylib
0x000000001c82b000 	/usr/lib/system/libsystem_kernel.dylib
0x000000001c82b000 	/usr/lib/system/libsystem_platform.dylib
0x000000001c82b000 	/usr/lib/system/libsystem_pthread.dylib
0x000000001c82b000 	/usr/lib/system/libsystem_symptoms.dylib
0x000000001c82b000 	/usr/lib/system/libsystem_trace.dylib
0x000000001c82b000 	/usr/lib/system/libunwind.dylib
0x000000001c82b000 	/usr/lib/system/libxpc.dylib
0x000000001c82b000 	/usr/lib/closure/libclosured.dylib
0x000000001c82b000 	/usr/lib/libbsm.0.dylib
0x000000001c82b000 	/usr/lib/system/libkxld.dylib
0x000000001c82b000 	/usr/lib/libOpenScriptingUtil.dylib
0x000000001c82b000 	/usr/lib/libcoretls.dylib
0x000000001c82b000 	/usr/lib/libcoretls_cfhelpers.dylib
0x000000001c82b000 	/usr/lib/libpam.2.dylib
0x000000001c82b000 	/usr/lib/libsqlite3.dylib
0x000000001c82b000 	/usr/lib/libxar.1.dylib
0x000000001c82b000 	/usr/lib/libbz2.1.0.dylib
0x000000001c82b000 	/usr/lib/liblzma.5.dylib
0x000000001c82b000 	/usr/lib/libnetwork.dylib
0x000000001c82b000 	/usr/lib/libapple_nghttp2.dylib
0x000000001c82b000 	/usr/lib/libpcap.A.dylib
0x000000001c82b000 	/usr/lib/libboringssl.dylib
0x000000001c82b000 	/usr/lib/libusrtcp.dylib
0x000000001c82b000 	/usr/lib/libapple_crypto.dylib
0x000000001c82b000 	/System/Library/Frameworks/CoreServices.framework/Versions/A/Frameworks/FSEvents.framework/Versions/A/FSEvents
0x000000001c82b000 	/System/Library/Frameworks/CoreServices.framework/Versions/A/Frameworks/CarbonCore.framework/Versions/A/CarbonCore
0x000000001c82b000 	/System/Library/Frameworks/CoreServices.framework/Versions/A/Frameworks/Metadata.framework/Versions/A/Metadata
0x000000001c82b000 	/System/Library/Frameworks/CoreServices.framework/Versions/A/Frameworks/OSServices.framework/Versions/A/OSServices
0x000000001c82b000 	/System/Library/Frameworks/CoreServices.framework/Versions/A/Frameworks/SearchKit.framework/Versions/A/SearchKit
0x000000001c82b000 	/System/Library/Frameworks/CoreServices.framework/Versions/A/Frameworks/AE.framework/Versions/A/AE
0x000000001c82b000 	/System/Library/Frameworks/CoreServices.framework/Versions/A/Frameworks/LaunchServices.framework/Versions/A/LaunchServices
0x000000001c82b000 	/System/Library/Frameworks/CoreServices.framework/Versions/A/Frameworks/DictionaryServices.framework/Versions/A/DictionaryServices
0x000000001c82b000 	/System/Library/Frameworks/CoreServices.framework/Versions/A/Frameworks/SharedFileList.framework/Versions/A/SharedFileList
0x000000001c82b000 	/System/Library/Frameworks/NetFS.framework/Versions/A/NetFS
0x000000001c82b000 	/System/Library/PrivateFrameworks/NetAuth.framework/Versions/A/NetAuth
0x000000001c82b000 	/System/Library/PrivateFrameworks/login.framework/Versions/A/Frameworks/loginsupport.framework/Versions/A/loginsupport
0x000000001c82b000 	/System/Library/PrivateFrameworks/TCC.framework/Versions/A/TCC
0x000000001c82b000 	/usr/lib/libmecabra.dylib
0x000000001c82b000 	/System/Library/Frameworks/ApplicationServices.framework/Versions/A/Frameworks/ATS.framework/Versions/A/ATS
0x000000001c82b000 	/System/Library/Frameworks/ApplicationServices.framework/Versions/A/Frameworks/ColorSyncLegacy.framework/Versions/A/ColorSyncLegacy
0x000000001c82b000 	/System/Library/Frameworks/ApplicationServices.framework/Versions/A/Frameworks/HIServices.framework/Versions/A/HIServices
0x000000001c82b000 	/System/Library/Frameworks/ApplicationServices.framework/Versions/A/Frameworks/LangAnalysis.framework/Versions/A/LangAnalysis
0x000000001c82b000 	/System/Library/Frameworks/ApplicationServices.framework/Versions/A/Frameworks/PrintCore.framework/Versions/A/PrintCore
0x000000001c82b000 	/System/Library/Frameworks/ApplicationServices.framework/Versions/A/Frameworks/QD.framework/Versions/A/QD
0x000000001c82b000 	/System/Library/Frameworks/ApplicationServices.framework/Versions/A/Frameworks/SpeechSynthesis.framework/Versions/A/SpeechSynthesis
0x000000001c82b000 	/System/Library/Frameworks/CoreDisplay.framework/Versions/A/CoreDisplay
0x000000001c82b000 	/System/Library/Frameworks/Accelerate.framework/Versions/A/Frameworks/vImage.framework/Versions/A/vImage
0x000000001c82b000 	/System/Library/Frameworks/Accelerate.framework/Versions/A/Frameworks/vecLib.framework/Versions/A/vecLib
0x000000001c82b000 	/System/Library/Frameworks/Accelerate.framework/Versions/A/Frameworks/vecLib.framework/Versions/A/libvDSP.dylib
0x000000001c82b000 	/System/Library/Frameworks/Accelerate.framework/Versions/A/Frameworks/vecLib.framework/Versions/A/libBNNS.dylib
0x000000001c82b000 	/System/Library/Frameworks/Accelerate.framework/Versions/A/Frameworks/vecLib.framework/Versions/A/libQuadrature.dylib
0x000000001c82b000 	/System/Library/Frameworks/Accelerate.framework/Versions/A/Frameworks/vecLib.framework/Versions/A/libvMisc.dylib
0x000000001c82b000 	/System/Library/Frameworks/Accelerate.framework/Versions/A/Frameworks/vecLib.framework/Versions/A/libLAPACK.dylib
0x000000001c82b000 	/System/Library/Frameworks/Accelerate.framework/Versions/A/Frameworks/vecLib.framework/Versions/A/libBLAS.dylib
0x000000001c82b000 	/System/Library/Frameworks/Accelerate.framework/Versions/A/Frameworks/vecLib.framework/Versions/A/libLinearAlgebra.dylib
0x000000001c82b000 	/System/Library/Frameworks/Accelerate.framework/Versions/A/Frameworks/vecLib.framework/Versions/A/libSparse.dylib
0x000000001c82b000 	/System/Library/Frameworks/Accelerate.framework/Versions/A/Frameworks/vecLib.framework/Versions/A/libSparseBLAS.dylib
0x000000001c82b000 	/System/Library/PrivateFrameworks/IOAccelerator.framework/Versions/A/IOAccelerator
0x000000001c82b000 	/System/Library/PrivateFrameworks/IOPresentment.framework/Versions/A/IOPresentment
0x000000001c82b000 	/System/Library/PrivateFrameworks/DSExternalDisplay.framework/Versions/A/DSExternalDisplay
0x000000001c82b000 	/System/Library/Frameworks/OpenGL.framework/Versions/A/Libraries/libCoreFSCache.dylib
0x000000001c82b000 	/System/Library/Frameworks/CoreVideo.framework/Versions/A/CoreVideo
0x000000001c82b000 	/System/Library/PrivateFrameworks/GraphVisualizer.framework/Versions/A/GraphVisualizer
0x000000001c82b000 	/System/Library/Frameworks/MetalPerformanceShaders.framework/Versions/A/MetalPerformanceShaders
0x000000001c82b000 	/usr/lib/libFosl_dynamic.dylib
0x000000001c82b000 	/System/Library/PrivateFrameworks/FaceCore.framework/Versions/A/FaceCore
0x000000001c82b000 	/System/Library/Frameworks/OpenCL.framework/Versions/A/OpenCL
0x000000001c82b000 	/usr/lib/libcompression.dylib
0x000000001c82b000 	/System/Library/Frameworks/ApplicationServices.framework/Versions/A/Frameworks/ATS.framework/Versions/A/Resources/libFontParser.dylib
0x000000001c82b000 	/System/Library/Frameworks/ApplicationServices.framework/Versions/A/Frameworks/ATS.framework/Versions/A/Resources/libFontRegistry.dylib
0x000000001c82b000 	/System/Library/Frameworks/ImageIO.framework/Versions/A/Resources/libJPEG.dylib
0x000000001c82b000 	/System/Library/Frameworks/ImageIO.framework/Versions/A/Resources/libTIFF.dylib
0x000000001c82b000 	/System/Library/Frameworks/ImageIO.framework/Versions/A/Resources/libPng.dylib
0x000000001c82b000 	/System/Library/Frameworks/ImageIO.framework/Versions/A/Resources/libGIF.dylib
0x000000001c82b000 	/System/Library/Frameworks/ImageIO.framework/Versions/A/Resources/libJP2.dylib
0x000000001c82b000 	/System/Library/Frameworks/ImageIO.framework/Versions/A/Resources/libRadiance.dylib
0x000000001c82b000 	/System/Library/PrivateFrameworks/AppleJPEG.framework/Versions/A/AppleJPEG
0x000000001c82b000 	/System/Library/PrivateFrameworks/MetalTools.framework/Versions/A/MetalTools
0x000000001c82b000 	/System/Library/Frameworks/MetalPerformanceShaders.framework/Frameworks/MPSCore.framework/Versions/A/MPSCore
0x000000001c82b000 	/System/Library/Frameworks/MetalPerformanceShaders.framework/Frameworks/MPSImage.framework/Versions/A/MPSImage
0x000000001c82b000 	/System/Library/Frameworks/MetalPerformanceShaders.framework/Frameworks/MPSMatrix.framework/Versions/A/MPSMatrix
0x000000001c82b000 	/System/Library/Frameworks/MetalPerformanceShaders.framework/Frameworks/MPSNeuralNetwork.framework/Versions/A/MPSNeuralNetwork
0x000000001c82b000 	/System/Library/Frameworks/OpenGL.framework/Versions/A/Libraries/libGLU.dylib
0x000000001c82b000 	/System/Library/Frameworks/OpenGL.framework/Versions/A/Libraries/libGFXShared.dylib
0x000000001c82b000 	/System/Library/Frameworks/OpenGL.framework/Versions/A/Libraries/libGL.dylib
0x000000001c82b000 	/System/Library/Frameworks/OpenGL.framework/Versions/A/Libraries/libGLImage.dylib
0x000000001c82b000 	/System/Library/Frameworks/OpenGL.framework/Versions/A/Libraries/libCVMSPluginSupport.dylib
0x000000001c82b000 	/System/Library/Frameworks/OpenGL.framework/Versions/A/Libraries/libCoreVMClient.dylib
0x000000001c82b000 	/usr/lib/libcups.2.dylib
0x000000001c82b000 	/System/Library/Frameworks/Kerberos.framework/Versions/A/Kerberos
0x000000001c82b000 	/System/Library/Frameworks/GSS.framework/Versions/A/GSS
0x000000001c82b000 	/usr/lib/libresolv.9.dylib
0x000000001c82b000 	/usr/lib/libiconv.2.dylib
0x000000001c82b000 	/System/Library/PrivateFrameworks/Heimdal.framework/Versions/A/Heimdal
0x000000001c82b000 	/usr/lib/libheimdal-asn1.dylib
0x000000001c82b000 	/System/Library/Frameworks/OpenDirectory.framework/Versions/A/OpenDirectory
0x000000001c82b000 	/System/Library/PrivateFrameworks/CommonAuth.framework/Versions/A/CommonAuth
0x000000001c82b000 	/System/Library/Frameworks/OpenDirectory.framework/Versions/A/Frameworks/CFOpenDirectory.framework/Versions/A/CFOpenDirectory
0x000000001c82b000 	/System/Library/Frameworks/SecurityFoundation.framework/Versions/A/SecurityFoundation
0x000000001c82b000 	/System/Library/PrivateFrameworks/APFS.framework/Versions/A/APFS
0x000000001c82b000 	/usr/lib/libutil.dylib
0x000000001c82b000 	/System/Library/PrivateFrameworks/AppleSauce.framework/Versions/A/AppleSauce
0x000000001c82b000 	/System/Library/PrivateFrameworks/LinguisticData.framework/Versions/A/LinguisticData
0x000000001c82b000 	/usr/lib/libmarisa.dylib
0x000000001c82b000 	/System/Library/PrivateFrameworks/Lexicon.framework/Versions/A/Lexicon
0x000000001c82b000 	/usr/lib/libChineseTokenizer.dylib
0x000000001c82b000 	/usr/lib/libcmph.dylib
0x000000001c82b000 	/System/Library/PrivateFrameworks/LanguageModeling.framework/Versions/A/LanguageModeling
0x000000001c82b000 	/System/Library/PrivateFrameworks/CoreEmoji.framework/Versions/A/CoreEmoji
0x000000001c82b000 	/System/Library/Frameworks/ServiceManagement.framework/Versions/A/ServiceManagement
0x000000001c82b000 	/System/Library/PrivateFrameworks/BackgroundTaskManagement.framework/Versions/A/BackgroundTaskManagement
0x000000001c82b000 	/usr/lib/libxslt.1.dylib
0x000000001c82b000 	/System/Library/Frameworks/Carbon.framework/Versions/A/Frameworks/Ink.framework/Versions/A/Ink
0x000000001c82b000 	/System/Library/PrivateFrameworks/TextureIO.framework/Versions/A/TextureIO
0x000000001c82b000 	/usr/lib/libate.dylib
0x000000001c82b000 	/System/Library/PrivateFrameworks/CrashReporterSupport.framework/Versions/A/CrashReporterSupport
0x000000001c82b000 	/System/Library/PrivateFrameworks/Sharing.framework/Versions/A/Sharing
0x000000001c82b000 	/System/Library/PrivateFrameworks/IconServices.framework/Versions/A/IconServices
0x000000001c82b000 	/System/Library/PrivateFrameworks/ProtocolBuffer.framework/Versions/A/ProtocolBuffer
0x000000001c82b000 	/System/Library/PrivateFrameworks/Apple80211.framework/Versions/A/Apple80211
0x000000001c82b000 	/System/Library/Frameworks/CoreWLAN.framework/Versions/A/CoreWLAN
0x000000001c82b000 	/System/Library/PrivateFrameworks/CoreUtils.framework/Versions/A/CoreUtils
0x000000001c82b000 	/System/Library/Frameworks/IOBluetooth.framework/Versions/A/IOBluetooth
0x000000001c82b000 	/System/Library/PrivateFrameworks/CoreWiFi.framework/Versions/A/CoreWiFi
0x000000001c82b000 	/System/Library/Frameworks/CoreBluetooth.framework/Versions/A/CoreBluetooth
0x000000001c82b000 	/System/Library/PrivateFrameworks/SignpostNotification.framework/Versions/A/SignpostNotification
0x000000001c82b000 	/System/Library/PrivateFrameworks/DebugSymbols.framework/Versions/A/DebugSymbols
0x000000001c82b000 	/System/Library/PrivateFrameworks/CoreSymbolication.framework/Versions/A/CoreSymbolication
0x000000001c82b000 	/System/Library/PrivateFrameworks/Symbolication.framework/Versions/A/Symbolication
0x000000001c82b000 	/System/Library/PrivateFrameworks/AppleFSCompression.framework/Versions/A/AppleFSCompression
0x000000001c82b000 	/System/Library/PrivateFrameworks/SpeechRecognitionCore.framework/Versions/A/SpeechRecognitionCore
0x0000000103c00000 	/Library/Java/JavaVirtualMachines/jdk1.8.0_131.jdk/Contents/Home/jre/lib/server/libjvm.dylib
0x000000001c82b000 	/usr/lib/libstdc++.6.0.9.dylib
0x0000000103304000 	/Library/Java/JavaVirtualMachines/jdk1.8.0_131.jdk/Contents/Home/jre/lib/libverify.dylib
0x0000000103312000 	/Library/Java/JavaVirtualMachines/jdk1.8.0_131.jdk/Contents/Home/jre/lib/libjava.dylib
0x0000000103348000 	/Library/Java/JavaVirtualMachines/jdk1.8.0_131.jdk/Contents/Home/jre/lib/libinstrument.dylib
0x00000001033e6000 	/Library/Java/JavaVirtualMachines/jdk1.8.0_131.jdk/Contents/Home/jre/lib/libzip.dylib
0x000000001c82b000 	/System/Library/Frameworks/JavaVM.framework/Versions/A/Frameworks/JavaRuntimeSupport.framework/Versions/A/JavaRuntimeSupport
0x000000001c82b000 	/System/Library/Frameworks/JavaVM.framework/Versions/A/Frameworks/JavaNativeFoundation.framework/Versions/A/JavaNativeFoundation
0x000000001c82b000 	/System/Library/Frameworks/JavaVM.framework/Versions/A/JavaVM
0x000000001c82b000 	/System/Library/Frameworks/Carbon.framework/Versions/A/Carbon
0x000000001c82b000 	/System/Library/PrivateFrameworks/JavaLaunching.framework/Versions/A/JavaLaunching
0x000000001c82b000 	/System/Library/Frameworks/Carbon.framework/Versions/A/Frameworks/CommonPanels.framework/Versions/A/CommonPanels
0x000000001c82b000 	/System/Library/Frameworks/Carbon.framework/Versions/A/Frameworks/Help.framework/Versions/A/Help
0x000000001c82b000 	/System/Library/Frameworks/Carbon.framework/Versions/A/Frameworks/ImageCapture.framework/Versions/A/ImageCapture
0x000000001c82b000 	/System/Library/Frameworks/Carbon.framework/Versions/A/Frameworks/OpenScripting.framework/Versions/A/OpenScripting
0x000000001c82b000 	/System/Library/Frameworks/Carbon.framework/Versions/A/Frameworks/Print.framework/Versions/A/Print
0x000000001c82b000 	/System/Library/Frameworks/Carbon.framework/Versions/A/Frameworks/SecurityHI.framework/Versions/A/SecurityHI
0x0000000119860000 	/Library/Java/JavaVirtualMachines/jdk1.8.0_131.jdk/Contents/Home/jre/lib/libnet.dylib
0x000000011a0bf000 	/Library/Java/JavaVirtualMachines/jdk1.8.0_131.jdk/Contents/Home/jre/lib/libmanagement.dylib
0x000000011a6cd000 	/Library/Java/JavaVirtualMachines/jdk1.8.0_131.jdk/Contents/Home/jre/lib/libnio.dylib
0x000000011cce4000 	/Library/Java/JavaVirtualMachines/jdk1.8.0_131.jdk/Contents/Home/jre/lib/libsunec.dylib

VM Arguments:
jvm_args: -Dendpoints.shutdown.enabled=true -Denv=development -Dfull.stacktrace=false -Dgrails.env=development -Dgrails.full.stacktrace=false -Dinfo.app.grailsVersion=3.3.2 -Dinfo.app.name=organizer -Dinfo.app.version=0.1 -Djdk.reflect.allowGetCallerClass=true -Drun.active=true -Dspring.output.ansi.enabled=always -Dspringloaded=inclusions=grails.plugins..*;synchronize=true;allowSplitPackages=true;cacheDir=/Users/stephendicerce/Documents/csc495/organizer/organizer/build/springloaded -Dverbose=false -XX:+TieredCompilation -XX:TieredStopAtLevel=1 -XX:CICompilerCount=3 -javaagent:/Users/stephendicerce/.gradle/caches/modules-2/files-2.1/org.springframework/springloaded/1.2.8.RELEASE/b60bac05b0451cdc1863bfec617f39aa0dcaaa43/springloaded-1.2.8.RELEASE.jar -Xverify:none -Xms768m -Xmx768m -Dfile.encoding=UTF-8 -Duser.country=US -Duser.language=en -Duser.variant 
java_command: organizer.Application
java_class_path (initial): /Users/stephendicerce/Documents/csc495/organizer/organizer/src/main/resources:/Users/stephendicerce/Documents/csc495/organizer/organizer/grails-app/views:/Users/stephendicerce/Documents/csc495/organizer/organizer/grails-app/i18n:/Users/stephendicerce/Documents/csc495/organizer/organizer/grails-app/conf:/Users/stephendicerce/Documents/csc495/organizer/organizer/build/classes/main:/Users/stephendicerce/Documents/csc495/organizer/organizer/build/resources/main:/Users/stephendicerce/Documents/csc495/organizer/organizer/gsp-classes:/Users/stephendicerce/Documents/csc495/organizer/organizer/build/gson-classes/main:/Users/stephendicerce/.gradle/caches/modules-2/files-2.1/com.google.api-client/google-api-client/1.22.0/244350c0c845c583717ade13f5666a452fd0cfa/google-api-client-1.22.0.jar:/Users/stephendicerce/.gradle/caches/modules-2/files-2.1/org.springframework.boot/spring-boot-starter-logging/1.5.8.RELEASE/ebc00a0e46753d90431fdcc5e3d6b9fd3bf1564a/spring-boot-starter-logging-1.5.8.RELEASE.jar:/Users/stephendicerce/.gradle/caches/modules-2/files-2.1/org.springframework.boot/spring-boot-autoconfigure/1.5.8.RELEASE/e4f2efa4c319f4e3613d94fbccfdb5ccda6873e3/spring-boot-autoconfigure-1.5.8.RELEASE.jar:/Users/stephendicerce/.gradle/caches/modules-2/files-2.1/org.grails/grails-core/3.3.2/824db64a3117fdc40b2a6bd4b5444e536453e51d/grails-core-3.3.2.jar:/Users/stephendicerce/.gradle/caches/modules-2/files-2.1/org.springframework.boot/spring-boot-starter-actuator/1.5.8.RELEASE/927c40a1af518dc240dfdf7aaf0a9673c3a127c5/spring-boot-starter-actuator-1.5.8.RELEASE.jar:/Users/stephendicerce/.gradle/caches/modules-2/files-2.1/org.springframework.boot/spring-boot-starter-tomcat/1.5.8.RELEASE/cf3b7eb7e192a60ab1dd09e4f8bce82710a5feb0/spring-boot-starter-tomcat-1.5.8.RELEASE.jar:/Users/stephendicerce/.gradle/caches/modules-2/files-2.1/org.grails/grails-web-boot/3.3.2/a0f4cc58704e6551121d0453968f7f834e529b4/grails-web-boot-3.3.2.jar:/Users/stephendicerce/.gradle/caches/
Launcher Type: SUN_STANDARD

Environment Variables:
PATH=/usr/local/mysql/bin:/Users/stephendicerce/.sdkman/candidates/groovy/current/bin:/Users/stephendicerce/.sdkman/candidates/grails/current/bin:/Library/Frameworks/Python.framework/Versions/2.7/bin:/Library/Frameworks/Python.framework/Versions/3.5/bin:/usr/local/bin:/usr/bin:/bin:/usr/sbin:/sbin:/usr/local/share/dotnet:/opt/X11/bin:/Library/Frameworks/Mono.framework/Versions/Current/Commands
SHELL=/bin/bash
DISPLAY=/private/tmp/com.apple.launchd.NPSfJxCOD9/org.macosforge.xquartz:0

Signal Handlers:
SIGSEGV: [libjvm.dylib+0x5b1eb1], sa_mask[0]=11111111011111110111111111111111, sa_flags=SA_ONSTACK|SA_RESTART|SA_SIGINFO
SIGBUS: [libjvm.dylib+0x5b1eb1], sa_mask[0]=11111111011111110111111111111111, sa_flags=SA_RESTART|SA_SIGINFO
SIGFPE: [libjvm.dylib+0x488988], sa_mask[0]=11111111011111110111111111111111, sa_flags=SA_RESTART|SA_SIGINFO
SIGPIPE: [libjvm.dylib+0x488988], sa_mask[0]=11111111011111110111111111111111, sa_flags=SA_RESTART|SA_SIGINFO
SIGXFSZ: [libjvm.dylib+0x488988], sa_mask[0]=11111111011111110111111111111111, sa_flags=SA_RESTART|SA_SIGINFO
SIGILL: [libjvm.dylib+0x488988], sa_mask[0]=11111111011111110111111111111111, sa_flags=SA_RESTART|SA_SIGINFO
SIGUSR1: SIG_DFL, sa_mask[0]=11011111011111100000000111000110, sa_flags=none
SIGUSR2: [libjvm.dylib+0x4884a6], sa_mask[0]=00100000000000000000000000000000, sa_flags=SA_RESTART|SA_SIGINFO
SIGHUP: [libjvm.dylib+0x486a7d], sa_mask[0]=11111111011111110111111111111111, sa_flags=SA_RESTART|SA_SIGINFO
SIGINT: [libjvm.dylib+0x486a7d], sa_mask[0]=11111111011111110111111111111111, sa_flags=SA_RESTART|SA_SIGINFO
SIGTERM: [libjvm.dylib+0x486a7d], sa_mask[0]=11111111011111110111111111111111, sa_flags=SA_RESTART|SA_SIGINFO
SIGQUIT: [libjvm.dylib+0x486a7d], sa_mask[0]=11111111011111110111111111111111, sa_flags=SA_RESTART|SA_SIGINFO


---------------  S Y S T E M  ---------------

OS:Bsduname:Darwin 17.4.0 Darwin Kernel Version 17.4.0: Sun Dec 17 09:19:54 PST 2017; root:xnu-4570.41.2~1/RELEASE_X86_64 x86_64
rlimit: STACK 8192k, CORE 0k, NPROC 709, NOFILE 10240, AS infinity
load average:3.20 2.55 2.29

CPU:total 4 (initial active 4) (2 cores per cpu, 2 threads per core) family 6 model 61 stepping 4, cmov, cx8, fxsr, mmx, sse, sse2, sse3, ssse3, sse4.1, sse4.2, popcnt, avx, avx2, aes, clmul, erms, 3dnowpref, lzcnt, ht, tsc, tscinvbit, bmi1, bmi2, adx

Memory: 4k page, physical 8388608k(117252k free)

/proc/meminfo:


vm_info: Java HotSpot(TM) 64-Bit Server VM (25.131-b11) for bsd-amd64 JRE (1.8.0_131-b11), built on Mar 15 2017 01:32:22 by "java_re" with gcc 4.2.1 (Based on Apple Inc. build 5658) (LLVM build 2336.11.00)

time: Thu Apr 26 17:12:07 2018
elapsed time: 12409 seconds (0d 3h 26m 49s)

